<?xml version="1.0" encoding="UTF-8"?>
<testng-results ignored="1" total="2" passed="1" failed="0" skipped="0">
  <reporter-output>
  </reporter-output>
  <suite started-at="2021-08-08T14:43:12 IST" name="Default suite" finished-at="2021-08-08T14:43:41 IST" duration-ms="28463">
    <groups>
    </groups>
    <test started-at="2021-08-08T14:43:12 IST" name="Default test" finished-at="2021-08-08T14:43:41 IST" duration-ms="28463">
      <class name="TESTNG.pack1">
        <test-method is-config="true" signature="beforeClass()[pri:0, instance:TESTNG.pack1@62230c58]" started-at="2021-08-08T14:43:12 IST" name="beforeClass" finished-at="2021-08-08T14:43:33 IST" duration-ms="20296" status="PASS">
          <reporter-output>
          </reporter-output>
        </test-method> <!-- beforeClass -->
        <test-method is-config="true" signature="beforemethod()[pri:0, instance:TESTNG.pack1@62230c58]" started-at="2021-08-08T14:43:33 IST" name="beforemethod" finished-at="2021-08-08T14:43:41 IST" duration-ms="7990" status="PASS">
          <reporter-output>
          </reporter-output>
        </test-method> <!-- beforemethod -->
        <test-method signature="testB()[pri:2, instance:TESTNG.pack1@62230c58]" started-at="2021-08-08T14:43:41 IST" name="testB" finished-at="2021-08-08T14:43:41 IST" duration-ms="11" status="PASS">
          <reporter-output>
          </reporter-output>
        </test-method> <!-- testB -->
      </class> <!-- TESTNG.pack1 -->
    </test> <!-- Default test -->
  </suite> <!-- Default suite -->
</testng-results>
